  Exception.cpp
  main.cpp
C:\Users\LinB\Desktop\c++\Paper plagiarism check\cppjieba\include\cppjieba\Trie.hpp(1,1): warning C4819: 该文件包含不能在当前代码页(936)中表示的字符。请将该文件保存为 Unicode 格式以防止数据丢失
C:\Users\LinB\Desktop\c++\Paper plagiarism check\cppjieba\include\cppjieba\HMMSegment.hpp(162,25): warning C4267: “=”: 从“size_t”转换到“_Ty”，可能丢失数据
C:\Users\LinB\Desktop\c++\Paper plagiarism check\cppjieba\include\cppjieba\HMMSegment.hpp(162,25): warning C4267:         with
C:\Users\LinB\Desktop\c++\Paper plagiarism check\cppjieba\include\cppjieba\HMMSegment.hpp(162,25): warning C4267:         [
C:\Users\LinB\Desktop\c++\Paper plagiarism check\cppjieba\include\cppjieba\HMMSegment.hpp(162,25): warning C4267:             _Ty=int
C:\Users\LinB\Desktop\c++\Paper plagiarism check\cppjieba\include\cppjieba\HMMSegment.hpp(162,25): warning C4267:         ]
C:\Users\LinB\Desktop\c++\Paper plagiarism check\cppjieba\include\cppjieba\HMMSegment.hpp(178,16): warning C4267: “初始化”: 从“size_t”转换到“int”，可能丢失数据
  Paper-plagiarism-check.h
C:\Users\LinB\Desktop\c++\Paper plagiarism check\cppjieba\include\cppjieba\Trie.hpp(1,1): warning C4819: 该文件包含不能在当前代码页(936)中表示的字符。请将该文件保存为 Unicode 格式以防止数据丢失
C:\Users\LinB\Desktop\c++\Paper plagiarism check\cppjieba\include\cppjieba\HMMSegment.hpp(162,25): warning C4267: “=”: 从“size_t”转换到“_Ty”，可能丢失数据
C:\Users\LinB\Desktop\c++\Paper plagiarism check\cppjieba\include\cppjieba\HMMSegment.hpp(162,25): warning C4267:         with
C:\Users\LinB\Desktop\c++\Paper plagiarism check\cppjieba\include\cppjieba\HMMSegment.hpp(162,25): warning C4267:         [
C:\Users\LinB\Desktop\c++\Paper plagiarism check\cppjieba\include\cppjieba\HMMSegment.hpp(162,25): warning C4267:             _Ty=int
C:\Users\LinB\Desktop\c++\Paper plagiarism check\cppjieba\include\cppjieba\HMMSegment.hpp(162,25): warning C4267:         ]
C:\Users\LinB\Desktop\c++\Paper plagiarism check\cppjieba\include\cppjieba\HMMSegment.hpp(178,16): warning C4267: “初始化”: 从“size_t”转换到“int”，可能丢失数据
  CosineSimilarity.cpp
C:\Users\LinB\Desktop\c++\Paper plagiarism check\cppjieba\include\cppjieba\Trie.hpp(1,1): warning C4819: 该文件包含不能在当前代码页(936)中表示的字符。请将该文件保存为 Unicode 格式以防止数据丢失
C:\Users\LinB\Desktop\c++\Paper plagiarism check\cppjieba\include\cppjieba\HMMSegment.hpp(162,25): warning C4267: “=”: 从“size_t”转换到“_Ty”，可能丢失数据
C:\Users\LinB\Desktop\c++\Paper plagiarism check\cppjieba\include\cppjieba\HMMSegment.hpp(162,25): warning C4267:         with
C:\Users\LinB\Desktop\c++\Paper plagiarism check\cppjieba\include\cppjieba\HMMSegment.hpp(162,25): warning C4267:         [
C:\Users\LinB\Desktop\c++\Paper plagiarism check\cppjieba\include\cppjieba\HMMSegment.hpp(162,25): warning C4267:             _Ty=int
C:\Users\LinB\Desktop\c++\Paper plagiarism check\cppjieba\include\cppjieba\HMMSegment.hpp(162,25): warning C4267:         ]
C:\Users\LinB\Desktop\c++\Paper plagiarism check\cppjieba\include\cppjieba\HMMSegment.hpp(178,16): warning C4267: “初始化”: 从“size_t”转换到“int”，可能丢失数据
C:\Users\LinB\Desktop\c++\Paper plagiarism check\CosineSimilarity.cpp(72,20): warning C4267: “初始化”: 从“size_t”转换到“int”，可能丢失数据
  TextIO.cpp
C:\Users\LinB\Desktop\c++\Paper plagiarism check\cppjieba\include\cppjieba\Trie.hpp(1,1): warning C4819: 该文件包含不能在当前代码页(936)中表示的字符。请将该文件保存为 Unicode 格式以防止数据丢失
C:\Users\LinB\Desktop\c++\Paper plagiarism check\cppjieba\include\cppjieba\HMMSegment.hpp(162,25): warning C4267: “=”: 从“size_t”转换到“_Ty”，可能丢失数据
C:\Users\LinB\Desktop\c++\Paper plagiarism check\cppjieba\include\cppjieba\HMMSegment.hpp(162,25): warning C4267:         with
C:\Users\LinB\Desktop\c++\Paper plagiarism check\cppjieba\include\cppjieba\HMMSegment.hpp(162,25): warning C4267:         [
C:\Users\LinB\Desktop\c++\Paper plagiarism check\cppjieba\include\cppjieba\HMMSegment.hpp(162,25): warning C4267:             _Ty=int
C:\Users\LinB\Desktop\c++\Paper plagiarism check\cppjieba\include\cppjieba\HMMSegment.hpp(162,25): warning C4267:         ]
C:\Users\LinB\Desktop\c++\Paper plagiarism check\cppjieba\include\cppjieba\HMMSegment.hpp(178,16): warning C4267: “初始化”: 从“size_t”转换到“int”，可能丢失数据
  正在运行 C/C++ 代码分析...
  正在生成代码...
  Paper plagiarism check.vcxproj -> C:\Users\LinB\Desktop\c++\Paper plagiarism check\x64\Debug\Paper plagiarism check.exe
C:\Users\LinB\Desktop\c++\Paper plagiarism check\limonp\Logging.hpp(65): warning C6385: 正在从 "LOG_LEVEL_ARRAY" 读取无效数据。
C:\Users\LinB\Desktop\c++\Paper plagiarism check\cppjieba\include\cppjieba\Unicode.hpp(23): warning C26495: 未初始化变量 cppjieba::Word::unicode_length。始终初始化成员变量(type.6)。
C:\Users\LinB\Desktop\c++\Paper plagiarism check\cppjieba\include\cppjieba\Unicode.hpp(23): warning C26495: 未初始化变量 cppjieba::Word::unicode_offset。始终初始化成员变量(type.6)。
C:\Users\LinB\Desktop\c++\Paper plagiarism check\cppjieba\include\cppjieba\Trie.hpp(19): warning C26495: 未初始化变量 cppjieba::DictUnit::weight。始终初始化成员变量(type.6)。
C:\Users\LinB\Desktop\c++\Paper plagiarism check\cppjieba\include\cppjieba\KeywordExtractor.hpp(20): warning C26495: 未初始化变量 cppjieba::KeywordExtractor::Word::weight。始终初始化成员变量(type.6)。
